[APRENDIZAJE]: Detectado/Modificado Fzggdj_BEAMS_7R_Final.qxf el 12/02/2026  5:08:49,33 
[APRENDIZAJE]: Detectado/Modificado GGD BEAMS-230-7R.qxf el 12/02/2026  5:08:49,33 
[APRENDIZAJE]: Detectado/Modificado GGDJIA_Wash 19 leds.qxf el 12/02/2026  5:08:49,33 
[APRENDIZAJE]: Detectado/Modificado GGDJZbrain AEROBEAMS shehds-BMH0812D-38CH.qxf el 12/02/2026  5:08:49,33 
[APRENDIZAJE]: Detectado/Modificado GGDJZbrain_Wash 19 leds.qxf el 12/02/2026  5:08:49,33 
[APRENDIZAJE]: Detectado/Modificado Zbrain_V1_Pro.qxw.qxf el 12/02/2026  5:08:49,33 
[APRENDIZAJE]: Detectado/Modificado Zbrain_Sync_Base.qxw el 12/02/2026  5:08:49,33 
[APRENDIZAJE]: Detectado/Modificado Zbrain_V1_Pro.qxw el 12/02/2026  5:08:49,33 
[APRENDIZAJE]: Detectado/Modificado Aria_Editor.py el 12/02/2026  5:08:49,33 
[APRENDIZAJE]: Detectado/Modificado Fzggdj_BEAMS_7R_Final.qxf el 12/02/2026  5:08:59,19 
[APRENDIZAJE]: Detectado/Modificado GGD BEAMS-230-7R.qxf el 12/02/2026  5:08:59,19 
[APRENDIZAJE]: Detectado/Modificado GGDJIA_Wash 19 leds.qxf el 12/02/2026  5:08:59,19 
[APRENDIZAJE]: Detectado/Modificado GGDJZbrain AEROBEAMS shehds-BMH0812D-38CH.qxf el 12/02/2026  5:08:59,19 
[APRENDIZAJE]: Detectado/Modificado GGDJZbrain_Wash 19 leds.qxf el 12/02/2026  5:08:59,19 
[APRENDIZAJE]: Detectado/Modificado Zbrain_V1_Pro.qxw.qxf el 12/02/2026  5:08:59,19 
[APRENDIZAJE]: Detectado/Modificado Zbrain_Sync_Base.qxw el 12/02/2026  5:08:59,19 
[APRENDIZAJE]: Detectado/Modificado Zbrain_V1_Pro.qxw el 12/02/2026  5:08:59,19 
[APRENDIZAJE]: Detectado/Modificado Aria_Editor.py el 12/02/2026  5:08:59,19 
[APRENDIZAJE]: Detectado/Modificado Fzggdj_BEAMS_7R_Final.qxf el 12/02/2026  5:09:05,39 
[APRENDIZAJE]: Detectado/Modificado GGD BEAMS-230-7R.qxf el 12/02/2026  5:09:05,39 
[APRENDIZAJE]: Detectado/Modificado GGDJIA_Wash 19 leds.qxf el 12/02/2026  5:09:05,39 
[APRENDIZAJE]: Detectado/Modificado GGDJZbrain AEROBEAMS shehds-BMH0812D-38CH.qxf el 12/02/2026  5:09:05,39 
[APRENDIZAJE]: Detectado/Modificado GGDJZbrain_Wash 19 leds.qxf el 12/02/2026  5:09:05,39 
[APRENDIZAJE]: Detectado/Modificado Zbrain_V1_Pro.qxw.qxf el 12/02/2026  5:09:05,39 
[APRENDIZAJE]: Detectado/Modificado Zbrain_Sync_Base.qxw el 12/02/2026  5:09:05,39 
[APRENDIZAJE]: Detectado/Modificado Zbrain_V1_Pro.qxw el 12/02/2026  5:09:05,39 
[APRENDIZAJE]: Detectado/Modificado Aria_Editor.py el 12/02/2026  5:09:05,39 
[APRENDIZAJE]: Detectado/Modificado Fzggdj_BEAMS_7R_Final.qxf el 12/02/2026  5:09:05,53 
[APRENDIZAJE]: Detectado/Modificado GGD BEAMS-230-7R.qxf el 12/02/2026  5:09:05,53 
[APRENDIZAJE]: Detectado/Modificado GGDJIA_Wash 19 leds.qxf el 12/02/2026  5:09:05,53 
[APRENDIZAJE]: Detectado/Modificado GGDJZbrain AEROBEAMS shehds-BMH0812D-38CH.qxf el 12/02/2026  5:09:05,53 
[APRENDIZAJE]: Detectado/Modificado GGDJZbrain_Wash 19 leds.qxf el 12/02/2026  5:09:05,53 
[APRENDIZAJE]: Detectado/Modificado Zbrain_V1_Pro.qxw.qxf el 12/02/2026  5:09:05,53 
[APRENDIZAJE]: Detectado/Modificado Zbrain_Sync_Base.qxw el 12/02/2026  5:09:05,53 
[APRENDIZAJE]: Detectado/Modificado Zbrain_V1_Pro.qxw el 12/02/2026  5:09:05,53 
[APRENDIZAJE]: Detectado/Modificado Aria_Editor.py el 12/02/2026  5:09:05,53 
[APRENDIZAJE]: Detectado/Modificado Fzggdj_BEAMS_7R_Final.qxf el 12/02/2026  5:09:06,00 
[APRENDIZAJE]: Detectado/Modificado GGD BEAMS-230-7R.qxf el 12/02/2026  5:09:06,00 
[APRENDIZAJE]: Detectado/Modificado GGDJIA_Wash 19 leds.qxf el 12/02/2026  5:09:06,00 
[APRENDIZAJE]: Detectado/Modificado GGDJZbrain AEROBEAMS shehds-BMH0812D-38CH.qxf el 12/02/2026  5:09:06,00 
[APRENDIZAJE]: Detectado/Modificado GGDJZbrain_Wash 19 leds.qxf el 12/02/2026  5:09:06,00 
[APRENDIZAJE]: Detectado/Modificado Zbrain_V1_Pro.qxw.qxf el 12/02/2026  5:09:06,00 
[APRENDIZAJE]: Detectado/Modificado Zbrain_Sync_Base.qxw el 12/02/2026  5:09:06,00 
[APRENDIZAJE]: Detectado/Modificado Zbrain_V1_Pro.qxw el 12/02/2026  5:09:06,00 
[APRENDIZAJE]: Detectado/Modificado Aria_Editor.py el 12/02/2026  5:09:06,00 
[APRENDIZAJE]: Detectado/Modificado Fzggdj_BEAMS_7R_Final.qxf el 12/02/2026  5:09:06,24 
[APRENDIZAJE]: Detectado/Modificado GGD BEAMS-230-7R.qxf el 12/02/2026  5:09:06,24 
[APRENDIZAJE]: Detectado/Modificado GGDJIA_Wash 19 leds.qxf el 12/02/2026  5:09:06,24 
[APRENDIZAJE]: Detectado/Modificado GGDJZbrain AEROBEAMS shehds-BMH0812D-38CH.qxf el 12/02/2026  5:09:06,24 
[APRENDIZAJE]: Detectado/Modificado GGDJZbrain_Wash 19 leds.qxf el 12/02/2026  5:09:06,24 
[APRENDIZAJE]: Detectado/Modificado Zbrain_V1_Pro.qxw.qxf el 12/02/2026  5:09:06,24 
[APRENDIZAJE]: Detectado/Modificado Zbrain_Sync_Base.qxw el 12/02/2026  5:09:06,24 
[APRENDIZAJE]: Detectado/Modificado Zbrain_V1_Pro.qxw el 12/02/2026  5:09:06,24 
[APRENDIZAJE]: Detectado/Modificado Aria_Editor.py el 12/02/2026  5:09:06,24 
[APRENDIZAJE]: Detectado/Modificado Fzggdj_BEAMS_7R_Final.qxf el 12/02/2026  5:09:06,60 
[APRENDIZAJE]: Detectado/Modificado GGD BEAMS-230-7R.qxf el 12/02/2026  5:09:06,60 
[APRENDIZAJE]: Detectado/Modificado GGDJIA_Wash 19 leds.qxf el 12/02/2026  5:09:06,60 
[APRENDIZAJE]: Detectado/Modificado GGDJZbrain AEROBEAMS shehds-BMH0812D-38CH.qxf el 12/02/2026  5:09:06,60 
[APRENDIZAJE]: Detectado/Modificado GGDJZbrain_Wash 19 leds.qxf el 12/02/2026  5:09:06,60 
[APRENDIZAJE]: Detectado/Modificado Zbrain_V1_Pro.qxw.qxf el 12/02/2026  5:09:06,60 
[APRENDIZAJE]: Detectado/Modificado Zbrain_Sync_Base.qxw el 12/02/2026  5:09:06,60 
[APRENDIZAJE]: Detectado/Modificado Zbrain_V1_Pro.qxw el 12/02/2026  5:09:06,60 
[APRENDIZAJE]: Detectado/Modificado Aria_Editor.py el 12/02/2026  5:09:06,60 
[APRENDIZAJE]: Detectado/Modificado Fzggdj_BEAMS_7R_Final.qxf el 12/02/2026  5:09:06,95 
[APRENDIZAJE]: Detectado/Modificado GGD BEAMS-230-7R.qxf el 12/02/2026  5:09:06,95 
[APRENDIZAJE]: Detectado/Modificado GGDJIA_Wash 19 leds.qxf el 12/02/2026  5:09:06,95 
[APRENDIZAJE]: Detectado/Modificado GGDJZbrain AEROBEAMS shehds-BMH0812D-38CH.qxf el 12/02/2026  5:09:06,95 
[APRENDIZAJE]: Detectado/Modificado GGDJZbrain_Wash 19 leds.qxf el 12/02/2026  5:09:06,95 
[APRENDIZAJE]: Detectado/Modificado Zbrain_V1_Pro.qxw.qxf el 12/02/2026  5:09:06,95 
[APRENDIZAJE]: Detectado/Modificado Zbrain_Sync_Base.qxw el 12/02/2026  5:09:06,95 
[APRENDIZAJE]: Detectado/Modificado Zbrain_V1_Pro.qxw el 12/02/2026  5:09:06,95 
[APRENDIZAJE]: Detectado/Modificado Aria_Editor.py el 12/02/2026  5:09:06,95 
[APRENDIZAJE]: Detectado/Modificado Fzggdj_BEAMS_7R_Final.qxf el 12/02/2026  5:09:16,32 
[APRENDIZAJE]: Detectado/Modificado GGD BEAMS-230-7R.qxf el 12/02/2026  5:09:16,32 
[APRENDIZAJE]: Detectado/Modificado GGDJIA_Wash 19 leds.qxf el 12/02/2026  5:09:16,32 
[APRENDIZAJE]: Detectado/Modificado GGDJZbrain AEROBEAMS shehds-BMH0812D-38CH.qxf el 12/02/2026  5:09:16,32 
[APRENDIZAJE]: Detectado/Modificado GGDJZbrain_Wash 19 leds.qxf el 12/02/2026  5:09:16,32 
[APRENDIZAJE]: Detectado/Modificado Zbrain_V1_Pro.qxw.qxf el 12/02/2026  5:09:16,32 
[APRENDIZAJE]: Detectado/Modificado Zbrain_Sync_Base.qxw el 12/02/2026  5:09:16,32 
[APRENDIZAJE]: Detectado/Modificado Zbrain_V1_Pro.qxw el 12/02/2026  5:09:16,32 
[APRENDIZAJE]: Detectado/Modificado Aria_Editor.py el 12/02/2026  5:09:16,32 
[APRENDIZAJE]: Detectado/Modificado Fzggdj_BEAMS_7R_Final.qxf el 12/02/2026  5:09:26,21 
[APRENDIZAJE]: Detectado/Modificado GGD BEAMS-230-7R.qxf el 12/02/2026  5:09:26,21 
[APRENDIZAJE]: Detectado/Modificado GGDJIA_Wash 19 leds.qxf el 12/02/2026  5:09:26,21 
[APRENDIZAJE]: Detectado/Modificado GGDJZbrain AEROBEAMS shehds-BMH0812D-38CH.qxf el 12/02/2026  5:09:26,21 
[APRENDIZAJE]: Detectado/Modificado GGDJZbrain_Wash 19 leds.qxf el 12/02/2026  5:09:26,21 
[APRENDIZAJE]: Detectado/Modificado Zbrain_V1_Pro.qxw.qxf el 12/02/2026  5:09:26,21 
[APRENDIZAJE]: Detectado/Modificado Zbrain_Sync_Base.qxw el 12/02/2026  5:09:26,21 
[APRENDIZAJE]: Detectado/Modificado Zbrain_V1_Pro.qxw el 12/02/2026  5:09:26,21 
[APRENDIZAJE]: Detectado/Modificado Aria_Editor.py el 12/02/2026  5:09:26,21 
[APRENDIZAJE]: Detectado/Modificado Fzggdj_BEAMS_7R_Final.qxf el 12/02/2026  5:09:36,12 
[APRENDIZAJE]: Detectado/Modificado GGD BEAMS-230-7R.qxf el 12/02/2026  5:09:36,12 
[APRENDIZAJE]: Detectado/Modificado GGDJIA_Wash 19 leds.qxf el 12/02/2026  5:09:36,12 
[APRENDIZAJE]: Detectado/Modificado GGDJZbrain AEROBEAMS shehds-BMH0812D-38CH.qxf el 12/02/2026  5:09:36,12 
[APRENDIZAJE]: Detectado/Modificado GGDJZbrain_Wash 19 leds.qxf el 12/02/2026  5:09:36,12 
[APRENDIZAJE]: Detectado/Modificado Zbrain_V1_Pro.qxw.qxf el 12/02/2026  5:09:36,12 
[APRENDIZAJE]: Detectado/Modificado Zbrain_Sync_Base.qxw el 12/02/2026  5:09:36,12 
[APRENDIZAJE]: Detectado/Modificado Zbrain_V1_Pro.qxw el 12/02/2026  5:09:36,12 
[APRENDIZAJE]: Detectado/Modificado Aria_Editor.py el 12/02/2026  5:09:36,12 
[APRENDIZAJE]: Detectado/Modificado Fzggdj_BEAMS_7R_Final.qxf el 12/02/2026  5:09:46,12 
[APRENDIZAJE]: Detectado/Modificado GGD BEAMS-230-7R.qxf el 12/02/2026  5:09:46,12 
[APRENDIZAJE]: Detectado/Modificado GGDJIA_Wash 19 leds.qxf el 12/02/2026  5:09:46,12 
[APRENDIZAJE]: Detectado/Modificado GGDJZbrain AEROBEAMS shehds-BMH0812D-38CH.qxf el 12/02/2026  5:09:46,12 
[APRENDIZAJE]: Detectado/Modificado GGDJZbrain_Wash 19 leds.qxf el 12/02/2026  5:09:46,12 
[APRENDIZAJE]: Detectado/Modificado Zbrain_V1_Pro.qxw.qxf el 12/02/2026  5:09:46,12 
[APRENDIZAJE]: Detectado/Modificado Zbrain_Sync_Base.qxw el 12/02/2026  5:09:46,12 
[APRENDIZAJE]: Detectado/Modificado Zbrain_V1_Pro.qxw el 12/02/2026  5:09:46,12 
[APRENDIZAJE]: Detectado/Modificado Aria_Editor.py el 12/02/2026  5:09:46,12 
[APRENDIZAJE]: Detectado/Modificado Fzggdj_BEAMS_7R_Final.qxf el 12/02/2026  5:09:56,11 
[APRENDIZAJE]: Detectado/Modificado GGD BEAMS-230-7R.qxf el 12/02/2026  5:09:56,11 
[APRENDIZAJE]: Detectado/Modificado GGDJIA_Wash 19 leds.qxf el 12/02/2026  5:09:56,11 
[APRENDIZAJE]: Detectado/Modificado GGDJZbrain AEROBEAMS shehds-BMH0812D-38CH.qxf el 12/02/2026  5:09:56,11 
[APRENDIZAJE]: Detectado/Modificado GGDJZbrain_Wash 19 leds.qxf el 12/02/2026  5:09:56,11 
[APRENDIZAJE]: Detectado/Modificado Zbrain_V1_Pro.qxw.qxf el 12/02/2026  5:09:56,11 
[APRENDIZAJE]: Detectado/Modificado Zbrain_Sync_Base.qxw el 12/02/2026  5:09:56,11 
[APRENDIZAJE]: Detectado/Modificado Zbrain_V1_Pro.qxw el 12/02/2026  5:09:56,11 
[APRENDIZAJE]: Detectado/Modificado Aria_Editor.py el 12/02/2026  5:09:56,11 
[APRENDIZAJE]: Detectado/Modificado Fzggdj_BEAMS_7R_Final.qxf el 12/02/2026  5:10:06,10 
[APRENDIZAJE]: Detectado/Modificado GGD BEAMS-230-7R.qxf el 12/02/2026  5:10:06,10 
[APRENDIZAJE]: Detectado/Modificado GGDJIA_Wash 19 leds.qxf el 12/02/2026  5:10:06,10 
[APRENDIZAJE]: Detectado/Modificado GGDJZbrain AEROBEAMS shehds-BMH0812D-38CH.qxf el 12/02/2026  5:10:06,10 
[APRENDIZAJE]: Detectado/Modificado GGDJZbrain_Wash 19 leds.qxf el 12/02/2026  5:10:06,10 
[APRENDIZAJE]: Detectado/Modificado Zbrain_V1_Pro.qxw.qxf el 12/02/2026  5:10:06,10 
[APRENDIZAJE]: Detectado/Modificado Zbrain_Sync_Base.qxw el 12/02/2026  5:10:06,10 
[APRENDIZAJE]: Detectado/Modificado Zbrain_V1_Pro.qxw el 12/02/2026  5:10:06,10 
[APRENDIZAJE]: Detectado/Modificado Aria_Editor.py el 12/02/2026  5:10:06,10 
[APRENDIZAJE]: Detectado/Modificado Fzggdj_BEAMS_7R_Final.qxf el 12/02/2026  5:10:16,14 
[APRENDIZAJE]: Detectado/Modificado GGD BEAMS-230-7R.qxf el 12/02/2026  5:10:16,14 
[APRENDIZAJE]: Detectado/Modificado GGDJIA_Wash 19 leds.qxf el 12/02/2026  5:10:16,14 
[APRENDIZAJE]: Detectado/Modificado GGDJZbrain AEROBEAMS shehds-BMH0812D-38CH.qxf el 12/02/2026  5:10:16,14 
[APRENDIZAJE]: Detectado/Modificado GGDJZbrain_Wash 19 leds.qxf el 12/02/2026  5:10:16,14 
[APRENDIZAJE]: Detectado/Modificado Zbrain_V1_Pro.qxw.qxf el 12/02/2026  5:10:16,14 
[APRENDIZAJE]: Detectado/Modificado Zbrain_Sync_Base.qxw el 12/02/2026  5:10:16,14 
[APRENDIZAJE]: Detectado/Modificado Zbrain_V1_Pro.qxw el 12/02/2026  5:10:16,14 
[APRENDIZAJE]: Detectado/Modificado Aria_Editor.py el 12/02/2026  5:10:16,14 
[APRENDIZAJE]: Detectado/Modificado Fzggdj_BEAMS_7R_Final.qxf el 12/02/2026  5:10:26,21 
[APRENDIZAJE]: Detectado/Modificado GGD BEAMS-230-7R.qxf el 12/02/2026  5:10:26,21 
[APRENDIZAJE]: Detectado/Modificado GGDJIA_Wash 19 leds.qxf el 12/02/2026  5:10:26,21 
[APRENDIZAJE]: Detectado/Modificado GGDJZbrain AEROBEAMS shehds-BMH0812D-38CH.qxf el 12/02/2026  5:10:26,21 
[APRENDIZAJE]: Detectado/Modificado GGDJZbrain_Wash 19 leds.qxf el 12/02/2026  5:10:26,21 
[APRENDIZAJE]: Detectado/Modificado Zbrain_V1_Pro.qxw.qxf el 12/02/2026  5:10:26,21 
[APRENDIZAJE]: Detectado/Modificado Zbrain_Sync_Base.qxw el 12/02/2026  5:10:26,21 
[APRENDIZAJE]: Detectado/Modificado Zbrain_V1_Pro.qxw el 12/02/2026  5:10:26,21 
[APRENDIZAJE]: Detectado/Modificado Aria_Editor.py el 12/02/2026  5:10:26,21 
[APRENDIZAJE]: Detectado/Modificado Fzggdj_BEAMS_7R_Final.qxf el 12/02/2026  5:10:36,23 
[APRENDIZAJE]: Detectado/Modificado GGD BEAMS-230-7R.qxf el 12/02/2026  5:10:36,23 
[APRENDIZAJE]: Detectado/Modificado GGDJIA_Wash 19 leds.qxf el 12/02/2026  5:10:36,23 
[APRENDIZAJE]: Detectado/Modificado GGDJZbrain AEROBEAMS shehds-BMH0812D-38CH.qxf el 12/02/2026  5:10:36,23 
[APRENDIZAJE]: Detectado/Modificado GGDJZbrain_Wash 19 leds.qxf el 12/02/2026  5:10:36,23 
[APRENDIZAJE]: Detectado/Modificado Zbrain_V1_Pro.qxw.qxf el 12/02/2026  5:10:36,23 
[APRENDIZAJE]: Detectado/Modificado Zbrain_Sync_Base.qxw el 12/02/2026  5:10:36,23 
[APRENDIZAJE]: Detectado/Modificado Zbrain_V1_Pro.qxw el 12/02/2026  5:10:36,23 
[APRENDIZAJE]: Detectado/Modificado Aria_Editor.py el 12/02/2026  5:10:36,23 
[APRENDIZAJE]: Detectado/Modificado Fzggdj_BEAMS_7R_Final.qxf el 12/02/2026  5:10:46,21 
[APRENDIZAJE]: Detectado/Modificado GGD BEAMS-230-7R.qxf el 12/02/2026  5:10:46,21 
[APRENDIZAJE]: Detectado/Modificado GGDJIA_Wash 19 leds.qxf el 12/02/2026  5:10:46,21 
[APRENDIZAJE]: Detectado/Modificado GGDJZbrain AEROBEAMS shehds-BMH0812D-38CH.qxf el 12/02/2026  5:10:46,21 
[APRENDIZAJE]: Detectado/Modificado GGDJZbrain_Wash 19 leds.qxf el 12/02/2026  5:10:46,21 
[APRENDIZAJE]: Detectado/Modificado Zbrain_V1_Pro.qxw.qxf el 12/02/2026  5:10:46,21 
[APRENDIZAJE]: Detectado/Modificado Zbrain_Sync_Base.qxw el 12/02/2026  5:10:46,21 
[APRENDIZAJE]: Detectado/Modificado Zbrain_V1_Pro.qxw el 12/02/2026  5:10:46,21 
[APRENDIZAJE]: Detectado/Modificado Aria_Editor.py el 12/02/2026  5:10:46,21 
[APRENDIZAJE]: Detectado/Modificado Fzggdj_BEAMS_7R_Final.qxf el 12/02/2026  5:10:56,13 
[APRENDIZAJE]: Detectado/Modificado GGD BEAMS-230-7R.qxf el 12/02/2026  5:10:56,13 
[APRENDIZAJE]: Detectado/Modificado GGDJIA_Wash 19 leds.qxf el 12/02/2026  5:10:56,13 
[APRENDIZAJE]: Detectado/Modificado GGDJZbrain AEROBEAMS shehds-BMH0812D-38CH.qxf el 12/02/2026  5:10:56,13 
[APRENDIZAJE]: Detectado/Modificado GGDJZbrain_Wash 19 leds.qxf el 12/02/2026  5:10:56,13 
[APRENDIZAJE]: Detectado/Modificado Zbrain_V1_Pro.qxw.qxf el 12/02/2026  5:10:56,13 
[APRENDIZAJE]: Detectado/Modificado Zbrain_Sync_Base.qxw el 12/02/2026  5:10:56,13 
[APRENDIZAJE]: Detectado/Modificado Zbrain_V1_Pro.qxw el 12/02/2026  5:10:56,13 
[APRENDIZAJE]: Detectado/Modificado Aria_Editor.py el 12/02/2026  5:10:56,13 
[APRENDIZAJE]: Detectado/Modificado Fzggdj_BEAMS_7R_Final.qxf el 12/02/2026  5:11:06,14 
[APRENDIZAJE]: Detectado/Modificado GGD BEAMS-230-7R.qxf el 12/02/2026  5:11:06,14 
[APRENDIZAJE]: Detectado/Modificado GGDJIA_Wash 19 leds.qxf el 12/02/2026  5:11:06,14 
[APRENDIZAJE]: Detectado/Modificado GGDJZbrain AEROBEAMS shehds-BMH0812D-38CH.qxf el 12/02/2026  5:11:06,14 
[APRENDIZAJE]: Detectado/Modificado GGDJZbrain_Wash 19 leds.qxf el 12/02/2026  5:11:06,14 
[APRENDIZAJE]: Detectado/Modificado Zbrain_V1_Pro.qxw.qxf el 12/02/2026  5:11:06,14 
[APRENDIZAJE]: Detectado/Modificado Zbrain_Sync_Base.qxw el 12/02/2026  5:11:06,14 
[APRENDIZAJE]: Detectado/Modificado Zbrain_V1_Pro.qxw el 12/02/2026  5:11:06,14 
[APRENDIZAJE]: Detectado/Modificado Aria_Editor.py el 12/02/2026  5:11:06,14 
[APRENDIZAJE]: Detectado/Modificado Fzggdj_BEAMS_7R_Final.qxf el 12/02/2026  5:11:16,13 
[APRENDIZAJE]: Detectado/Modificado GGD BEAMS-230-7R.qxf el 12/02/2026  5:11:16,13 
[APRENDIZAJE]: Detectado/Modificado GGDJIA_Wash 19 leds.qxf el 12/02/2026  5:11:16,13 
[APRENDIZAJE]: Detectado/Modificado GGDJZbrain AEROBEAMS shehds-BMH0812D-38CH.qxf el 12/02/2026  5:11:16,13 
[APRENDIZAJE]: Detectado/Modificado GGDJZbrain_Wash 19 leds.qxf el 12/02/2026  5:11:16,13 
[APRENDIZAJE]: Detectado/Modificado Zbrain_V1_Pro.qxw.qxf el 12/02/2026  5:11:16,13 
[APRENDIZAJE]: Detectado/Modificado Zbrain_Sync_Base.qxw el 12/02/2026  5:11:16,13 
[APRENDIZAJE]: Detectado/Modificado Zbrain_V1_Pro.qxw el 12/02/2026  5:11:16,13 
[APRENDIZAJE]: Detectado/Modificado Aria_Editor.py el 12/02/2026  5:11:16,13 
[APRENDIZAJE]: Detectado/Modificado Fzggdj_BEAMS_7R_Final.qxf el 12/02/2026  5:11:26,17 
[APRENDIZAJE]: Detectado/Modificado GGD BEAMS-230-7R.qxf el 12/02/2026  5:11:26,17 
[APRENDIZAJE]: Detectado/Modificado GGDJIA_Wash 19 leds.qxf el 12/02/2026  5:11:26,17 
[APRENDIZAJE]: Detectado/Modificado GGDJZbrain AEROBEAMS shehds-BMH0812D-38CH.qxf el 12/02/2026  5:11:26,17 
[APRENDIZAJE]: Detectado/Modificado GGDJZbrain_Wash 19 leds.qxf el 12/02/2026  5:11:26,17 
[APRENDIZAJE]: Detectado/Modificado Zbrain_V1_Pro.qxw.qxf el 12/02/2026  5:11:26,17 
[APRENDIZAJE]: Detectado/Modificado Zbrain_Sync_Base.qxw el 12/02/2026  5:11:26,17 
[APRENDIZAJE]: Detectado/Modificado Zbrain_V1_Pro.qxw el 12/02/2026  5:11:26,17 
[APRENDIZAJE]: Detectado/Modificado Aria_Editor.py el 12/02/2026  5:11:26,17 
[APRENDIZAJE]: Detectado/Modificado Fzggdj_BEAMS_7R_Final.qxf el 12/02/2026  5:11:36,16 
[APRENDIZAJE]: Detectado/Modificado GGD BEAMS-230-7R.qxf el 12/02/2026  5:11:36,16 
[APRENDIZAJE]: Detectado/Modificado GGDJIA_Wash 19 leds.qxf el 12/02/2026  5:11:36,16 
[APRENDIZAJE]: Detectado/Modificado GGDJZbrain AEROBEAMS shehds-BMH0812D-38CH.qxf el 12/02/2026  5:11:36,16 
[APRENDIZAJE]: Detectado/Modificado GGDJZbrain_Wash 19 leds.qxf el 12/02/2026  5:11:36,16 
[APRENDIZAJE]: Detectado/Modificado Zbrain_V1_Pro.qxw.qxf el 12/02/2026  5:11:36,16 
[APRENDIZAJE]: Detectado/Modificado Zbrain_Sync_Base.qxw el 12/02/2026  5:11:36,16 
[APRENDIZAJE]: Detectado/Modificado Zbrain_V1_Pro.qxw el 12/02/2026  5:11:36,16 
[APRENDIZAJE]: Detectado/Modificado Aria_Editor.py el 12/02/2026  5:11:36,16 
[APRENDIZAJE]: Detectado/Modificado Fzggdj_BEAMS_7R_Final.qxf el 12/02/2026  5:11:46,20 
[APRENDIZAJE]: Detectado/Modificado GGD BEAMS-230-7R.qxf el 12/02/2026  5:11:46,20 
[APRENDIZAJE]: Detectado/Modificado GGDJIA_Wash 19 leds.qxf el 12/02/2026  5:11:46,20 
[APRENDIZAJE]: Detectado/Modificado GGDJZbrain AEROBEAMS shehds-BMH0812D-38CH.qxf el 12/02/2026  5:11:46,20 
[APRENDIZAJE]: Detectado/Modificado GGDJZbrain_Wash 19 leds.qxf el 12/02/2026  5:11:46,20 
[APRENDIZAJE]: Detectado/Modificado Zbrain_V1_Pro.qxw.qxf el 12/02/2026  5:11:46,20 
[APRENDIZAJE]: Detectado/Modificado Zbrain_Sync_Base.qxw el 12/02/2026  5:11:46,20 
[APRENDIZAJE]: Detectado/Modificado Zbrain_V1_Pro.qxw el 12/02/2026  5:11:46,20 
[APRENDIZAJE]: Detectado/Modificado Aria_Editor.py el 12/02/2026  5:11:46,20 
